<?xml version="1.0" encoding="UTF-8"?>
<coverage generated="1710431256581" clover="3.2.0">
  <project timestamp="1710431256581" name="All files">
    <metrics statements="59" coveredstatements="47" conditionals="4" coveredconditionals="3" methods="9" coveredmethods="9" elements="72" coveredelements="59" complexity="0" loc="59" ncloc="59" packages="1" files="2" classes="2"/>
    <file name="courseController.js" path="/Users/konstantinosal/Documents/UvA/DevOps/DevOpsPortal/controllers/courseController.js">
      <metrics statements="37" coveredstatements="30" conditionals="0" coveredconditionals="0" methods="6" coveredmethods="6"/>
      <line num="1" count="1" type="stmt"/>
      <line num="2" count="1" type="stmt"/>
      <line num="4" count="1" type="stmt"/>
      <line num="6" count="1" type="stmt"/>
      <line num="7" count="1" type="stmt"/>
      <line num="10" count="1" type="stmt"/>
      <line num="11" count="1" type="stmt"/>
      <line num="22" count="1" type="stmt"/>
      <line num="24" count="0" type="stmt"/>
      <line num="25" count="0" type="stmt"/>
      <line num="29" count="1" type="stmt"/>
      <line num="30" count="1" type="stmt"/>
      <line num="31" count="1" type="stmt"/>
      <line num="39" count="1" type="stmt"/>
      <line num="41" count="0" type="stmt"/>
      <line num="42" count="0" type="stmt"/>
      <line num="46" count="1" type="stmt"/>
      <line num="47" count="1" type="stmt"/>
      <line num="48" count="1" type="stmt"/>
      <line num="49" count="1" type="stmt"/>
      <line num="64" count="1" type="stmt"/>
      <line num="66" count="0" type="stmt"/>
      <line num="70" count="1" type="stmt"/>
      <line num="71" count="1" type="stmt"/>
      <line num="72" count="1" type="stmt"/>
      <line num="73" count="1" type="stmt"/>
      <line num="96" count="1" type="stmt"/>
      <line num="98" count="0" type="stmt"/>
      <line num="102" count="1" type="stmt"/>
      <line num="103" count="1" type="stmt"/>
      <line num="104" count="1" type="stmt"/>
      <line num="105" count="1" type="stmt"/>
      <line num="111" count="1" type="stmt"/>
      <line num="116" count="1" type="stmt"/>
      <line num="125" count="1" type="stmt"/>
      <line num="132" count="0" type="stmt"/>
      <line num="136" count="1" type="stmt"/>
    </file>
    <file name="subscriptionsController.js" path="/Users/konstantinosal/Documents/UvA/DevOps/DevOpsPortal/controllers/subscriptionsController.js">
      <metrics statements="22" coveredstatements="17" conditionals="4" coveredconditionals="3" methods="3" coveredmethods="3"/>
      <line num="1" count="1" type="stmt"/>
      <line num="3" count="1" type="stmt"/>
      <line num="5" count="1" type="stmt"/>
      <line num="6" count="1" type="stmt"/>
      <line num="9" count="1" type="stmt"/>
      <line num="14" count="1" type="stmt"/>
      <line num="15" count="1" type="stmt"/>
      <line num="29" count="1" type="stmt"/>
      <line num="31" count="0" type="stmt"/>
      <line num="32" count="0" type="stmt"/>
      <line num="36" count="1" type="stmt"/>
      <line num="37" count="2" type="stmt"/>
      <line num="38" count="2" type="stmt"/>
      <line num="44" count="2" type="cond" truecount="2" falsecount="0"/>
      <line num="45" count="1" type="stmt"/>
      <line num="46" count="1" type="stmt"/>
      <line num="48" count="1" type="stmt"/>
      <line num="54" count="2" type="cond" truecount="1" falsecount="1"/>
      <line num="55" count="0" type="stmt"/>
      <line num="57" count="0" type="stmt"/>
      <line num="58" count="0" type="stmt"/>
      <line num="62" count="1" type="stmt"/>
    </file>
  </project>
</coverage>
