{"/Users/konstantinosal/Documents/UvA/DevOps/DevOpsPortal/controllers/courseController.js": {"path":"/Users/konstantinosal/Documents/UvA/DevOps/DevOpsPortal/controllers/courseController.js","statementMap":{"0":{"start":{"line":1,"column":11},"end":{"line":1,"column":40}},"1":{"start":{"line":2,"column":15},"end":{"line":2,"column":32}},"2":{"start":{"line":4,"column":24},"end":{"line":27,"column":1}},"3":{"start":{"line":6,"column":2},"end":{"line":8,"column":5}},"4":{"start":{"line":7,"column":4},"end":{"line":7,"column":85}},"5":{"start":{"line":10,"column":2},"end":{"line":26,"column":3}},"6":{"start":{"line":11,"column":23},"end":{"line":21,"column":6}},"7":{"start":{"line":22,"column":4},"end":{"line":22,"column":22}},"8":{"start":{"line":24,"column":4},"end":{"line":24,"column":52}},"9":{"start":{"line":25,"column":4},"end":{"line":25,"column":16}},"10":{"start":{"line":29,"column":18},"end":{"line":44,"column":1}},"11":{"start":{"line":30,"column":2},"end":{"line":43,"column":3}},"12":{"start":{"line":31,"column":21},"end":{"line":37,"column":8}},"13":{"start":{"line":39,"column":6},"end":{"line":39,"column":20}},"14":{"start":{"line":41,"column":6},"end":{"line":41,"column":51}},"15":{"start":{"line":42,"column":6},"end":{"line":42,"column":18}},"16":{"start":{"line":46,"column":24},"end":{"line":68,"column":1}},"17":{"start":{"line":47,"column":2},"end":{"line":67,"column":3}},"18":{"start":{"line":48,"column":25},"end":{"line":48,"column":35}},"19":{"start":{"line":49,"column":25},"end":{"line":62,"column":6}},"20":{"start":{"line":64,"column":4},"end":{"line":64,"column":39}},"21":{"start":{"line":66,"column":4},"end":{"line":66,"column":23}},"22":{"start":{"line":70,"column":20},"end":{"line":100,"column":1}},"23":{"start":{"line":71,"column":2},"end":{"line":99,"column":3}},"24":{"start":{"line":72,"column":25},"end":{"line":72,"column":35}},"25":{"start":{"line":73,"column":26},"end":{"line":94,"column":6}},"26":{"start":{"line":96,"column":4},"end":{"line":96,"column":40}},"27":{"start":{"line":98,"column":4},"end":{"line":98,"column":23}},"28":{"start":{"line":102,"column":27},"end":{"line":134,"column":1}},"29":{"start":{"line":103,"column":2},"end":{"line":133,"column":3}},"30":{"start":{"line":104,"column":25},"end":{"line":104,"column":35}},"31":{"start":{"line":105,"column":31},"end":{"line":109,"column":6}},"32":{"start":{"line":111,"column":30},"end":{"line":114,"column":6}},"33":{"start":{"line":116,"column":35},"end":{"line":123,"column":6}},"34":{"start":{"line":125,"column":4},"end":{"line":130,"column":7}},"35":{"start":{"line":132,"column":4},"end":{"line":132,"column":23}},"36":{"start":{"line":136,"column":0},"end":{"line":136,"column":98}}},"fnMap":{"0":{"name":"(anonymous_0)","decl":{"start":{"line":4,"column":24},"end":{"line":4,"column":25}},"loc":{"start":{"line":4,"column":60},"end":{"line":27,"column":1}},"line":4},"1":{"name":"(anonymous_1)","decl":{"start":{"line":6,"column":40},"end":{"line":6,"column":41}},"loc":{"start":{"line":6,"column":47},"end":{"line":8,"column":3}},"line":6},"2":{"name":"(anonymous_2)","decl":{"start":{"line":29,"column":18},"end":{"line":29,"column":19}},"loc":{"start":{"line":29,"column":34},"end":{"line":44,"column":1}},"line":29},"3":{"name":"(anonymous_3)","decl":{"start":{"line":46,"column":24},"end":{"line":46,"column":25}},"loc":{"start":{"line":46,"column":42},"end":{"line":68,"column":1}},"line":46},"4":{"name":"(anonymous_4)","decl":{"start":{"line":70,"column":20},"end":{"line":70,"column":21}},"loc":{"start":{"line":70,"column":38},"end":{"line":100,"column":1}},"line":70},"5":{"name":"(anonymous_5)","decl":{"start":{"line":102,"column":27},"end":{"line":102,"column":28}},"loc":{"start":{"line":102,"column":45},"end":{"line":134,"column":1}},"line":102}},"branchMap":{},"s":{"0":1,"1":1,"2":1,"3":1,"4":1,"5":1,"6":1,"7":1,"8":0,"9":0,"10":1,"11":1,"12":1,"13":1,"14":0,"15":0,"16":1,"17":1,"18":1,"19":1,"20":1,"21":0,"22":1,"23":1,"24":1,"25":1,"26":1,"27":0,"28":1,"29":1,"30":1,"31":1,"32":1,"33":1,"34":1,"35":0,"36":1},"f":{"0":1,"1":1,"2":1,"3":1,"4":1,"5":1},"b":{},"_coverageSchema":"1a1c01bbd47fc00a2c39e90264f33305004495a9","hash":"46585077b352830f0a325863f530acd83ec98728"}
,"/Users/konstantinosal/Documents/UvA/DevOps/DevOpsPortal/controllers/subscriptionsController.js": {"path":"/Users/konstantinosal/Documents/UvA/DevOps/DevOpsPortal/controllers/subscriptionsController.js","statementMap":{"0":{"start":{"line":1,"column":11},"end":{"line":1,"column":40}},"1":{"start":{"line":3,"column":30},"end":{"line":34,"column":1}},"2":{"start":{"line":5,"column":2},"end":{"line":7,"column":5}},"3":{"start":{"line":6,"column":4},"end":{"line":6,"column":85}},"4":{"start":{"line":9,"column":25},"end":{"line":12,"column":3}},"5":{"start":{"line":14,"column":2},"end":{"line":33,"column":3}},"6":{"start":{"line":15,"column":29},"end":{"line":28,"column":6}},"7":{"start":{"line":29,"column":4},"end":{"line":29,"column":28}},"8":{"start":{"line":31,"column":4},"end":{"line":31,"column":58}},"9":{"start":{"line":32,"column":4},"end":{"line":32,"column":23}},"10":{"start":{"line":36,"column":27},"end":{"line":60,"column":1}},"11":{"start":{"line":37,"column":2},"end":{"line":59,"column":3}},"12":{"start":{"line":38,"column":25},"end":{"line":43,"column":6}},"13":{"start":{"line":44,"column":4},"end":{"line":53,"column":5}},"14":{"start":{"line":45,"column":6},"end":{"line":45,"column":40}},"15":{"start":{"line":46,"column":6},"end":{"line":46,"column":32}},"16":{"start":{"line":48,"column":6},"end":{"line":52,"column":9}},"17":{"start":{"line":54,"column":4},"end":{"line":54,"column":44}},"18":{"start":{"line":54,"column":21},"end":{"line":54,"column":44}},"19":{"start":{"line":55,"column":4},"end":{"line":55,"column":31}},"20":{"start":{"line":57,"column":4},"end":{"line":57,"column":23}},"21":{"start":{"line":58,"column":4},"end":{"line":58,"column":16}},"22":{"start":{"line":62,"column":0},"end":{"line":62,"column":63}}},"fnMap":{"0":{"name":"(anonymous_0)","decl":{"start":{"line":3,"column":30},"end":{"line":3,"column":31}},"loc":{"start":{"line":3,"column":66},"end":{"line":34,"column":1}},"line":3},"1":{"name":"(anonymous_1)","decl":{"start":{"line":5,"column":40},"end":{"line":5,"column":41}},"loc":{"start":{"line":5,"column":47},"end":{"line":7,"column":3}},"line":5},"2":{"name":"(anonymous_2)","decl":{"start":{"line":36,"column":27},"end":{"line":36,"column":28}},"loc":{"start":{"line":36,"column":51},"end":{"line":60,"column":1}},"line":36}},"branchMap":{"0":{"loc":{"start":{"line":44,"column":4},"end":{"line":53,"column":5}},"type":"if","locations":[{"start":{"line":44,"column":4},"end":{"line":53,"column":5}},{"start":{"line":47,"column":11},"end":{"line":53,"column":5}}],"line":44},"1":{"loc":{"start":{"line":54,"column":4},"end":{"line":54,"column":44}},"type":"if","locations":[{"start":{"line":54,"column":4},"end":{"line":54,"column":44}},{"start":{},"end":{}}],"line":54}},"s":{"0":1,"1":1,"2":1,"3":1,"4":1,"5":1,"6":1,"7":1,"8":0,"9":0,"10":1,"11":2,"12":2,"13":2,"14":1,"15":1,"16":1,"17":2,"18":2,"19":0,"20":0,"21":0,"22":1},"f":{"0":1,"1":1,"2":2},"b":{"0":[1,1],"1":[2,0]},"_coverageSchema":"1a1c01bbd47fc00a2c39e90264f33305004495a9","hash":"3f1ccbf7da9bcfa734722bf3b3d485dd66fcbb9c"}
}
