TN:
SF:controllers/courseController.js
FN:4,(anonymous_0)
FN:6,(anonymous_1)
FN:29,(anonymous_2)
FN:46,(anonymous_3)
FN:70,(anonymous_4)
FN:102,(anonymous_5)
FNF:6
FNH:6
FNDA:1,(anonymous_0)
FNDA:1,(anonymous_1)
FNDA:1,(anonymous_2)
FNDA:1,(anonymous_3)
FNDA:1,(anonymous_4)
FNDA:1,(anonymous_5)
DA:1,1
DA:2,1
DA:4,1
DA:6,1
DA:7,1
DA:10,1
DA:11,1
DA:22,1
DA:24,0
DA:25,0
DA:29,1
DA:30,1
DA:31,1
DA:39,1
DA:41,0
DA:42,0
DA:46,1
DA:47,1
DA:48,1
DA:49,1
DA:64,1
DA:66,0
DA:70,1
DA:71,1
DA:72,1
DA:73,1
DA:96,1
DA:98,0
DA:102,1
DA:103,1
DA:104,1
DA:105,1
DA:111,1
DA:116,1
DA:125,1
DA:132,0
DA:136,1
LF:37
LH:30
BRF:0
BRH:0
end_of_record
TN:
SF:controllers/subscriptionsController.js
FN:3,(anonymous_0)
FN:5,(anonymous_1)
FN:36,(anonymous_2)
FNF:3
FNH:3
FNDA:1,(anonymous_0)
FNDA:1,(anonymous_1)
FNDA:2,(anonymous_2)
DA:1,1
DA:3,1
DA:5,1
DA:6,1
DA:9,1
DA:14,1
DA:15,1
DA:29,1
DA:31,0
DA:32,0
DA:36,1
DA:37,2
DA:38,2
DA:44,2
DA:45,1
DA:46,1
DA:48,1
DA:54,2
DA:55,0
DA:57,0
DA:58,0
DA:62,1
LF:22
LH:17
BRDA:44,0,0,1
BRDA:44,0,1,1
BRDA:54,1,0,2
BRDA:54,1,1,0
BRF:4
BRH:3
end_of_record
